{
  "stats": {
    "suites": 1,
    "tests": 9,
    "passes": 8,
    "pending": 0,
    "failures": 1,
    "start": "2026-04-22T19:37:31.683Z",
    "end": "2026-04-22T19:37:32.547Z",
    "duration": 864,
    "testsRegistered": 9,
    "passPercent": 88.88888888888889,
    "pendingPercent": 0,
    "other": 0,
    "hasOther": false,
    "skipped": 0,
    "hasSkipped": false
  },
  "results": [
    {
      "uuid": "a64a507a-6ed7-4a0b-b9d1-37dfc048a7c3",
      "title": "",
      "fullFile": "cypress\\e2e\\fisioflow.cy.js",
      "file": "cypress\\e2e\\fisioflow.cy.js",
      "beforeHooks": [],
      "afterHooks": [],
      "tests": [],
      "suites": [
        {
          "uuid": "a46a2866-9e86-4895-9441-0395756dd431",
          "title": "FisioFlow API",
          "fullFile": "",
          "file": "",
          "beforeHooks": [],
          "afterHooks": [],
          "tests": [
            {
              "title": "deve listar pacientes",
              "fullTitle": "FisioFlow API deve listar pacientes",
              "timedOut": null,
              "duration": 95,
              "state": "passed",
              "speed": "fast",
              "pass": true,
              "fail": false,
              "pending": false,
              "context": null,
              "code": "cy.request('GET', '/patients').then(response => {\n  expect(response.status).to.equal(200);\n  expect(response.body).to.be.an('array');\n  expect(response.body.some(p => p.id === patientId)).to.equal(true);\n});",
              "err": {},
              "uuid": "6800716a-a66b-4764-8f45-62a2498f3d63",
              "parentUUID": "a46a2866-9e86-4895-9441-0395756dd431",
              "isHook": false,
              "skipped": false
            },
            {
              "title": "deve retornar erro ao criar paciente sem nome",
              "fullTitle": "FisioFlow API deve retornar erro ao criar paciente sem nome",
              "timedOut": null,
              "duration": 47,
              "state": "passed",
              "speed": "fast",
              "pass": true,
              "fail": false,
              "pending": false,
              "context": null,
              "code": "cy.request({\n  method: 'POST',\n  url: '/patients',\n  failOnStatusCode: false,\n  body: {\n    phone: '(85) 90000-0000'\n  }\n}).then(response => {\n  expect(response.status).to.equal(400);\n  expect(response.body.message).to.equal('Nome do paciente e obrigatorio');\n});",
              "err": {},
              "uuid": "178328db-9091-4514-aa0b-b1bb7d058f51",
              "parentUUID": "a46a2866-9e86-4895-9441-0395756dd431",
              "isHook": false,
              "skipped": false
            },
            {
              "title": "deve retornar erro ao criar paciente com nome numerico",
              "fullTitle": "FisioFlow API deve retornar erro ao criar paciente com nome numerico",
              "timedOut": null,
              "duration": 50,
              "state": "passed",
              "speed": "fast",
              "pass": true,
              "fail": false,
              "pending": false,
              "context": null,
              "code": "cy.request({\n  method: 'POST',\n  url: '/patients',\n  failOnStatusCode: false,\n  body: {\n    name: '1',\n    phone: '(85) 99999-0000',\n    diagnosis: 'Teste'\n  }\n}).then(response => {\n  expect(response.status).to.equal(400);\n  expect(response.body.message).to.equal('Nome do paciente invalido');\n});",
              "err": {},
              "uuid": "9572f55a-f641-40d7-960c-07981f650d61",
              "parentUUID": "a46a2866-9e86-4895-9441-0395756dd431",
              "isHook": false,
              "skipped": false
            },
            {
              "title": "deve retornar erro ao criar paciente com telefone invalido",
              "fullTitle": "FisioFlow API deve retornar erro ao criar paciente com telefone invalido",
              "timedOut": null,
              "duration": 45,
              "state": "passed",
              "speed": "fast",
              "pass": true,
              "fail": false,
              "pending": false,
              "context": null,
              "code": "cy.request({\n  method: 'POST',\n  url: '/patients',\n  failOnStatusCode: false,\n  body: {\n    name: 'Maria Souza',\n    phone: '85999990000',\n    diagnosis: 'Teste'\n  }\n}).then(response => {\n  expect(response.status).to.equal(400);\n  expect(response.body.message).to.equal('Telefone invalido. Use o formato (XX) XXXXX-XXXX');\n});",
              "err": {},
              "uuid": "c47d46b2-b140-42e0-9e1f-26d8be7f7385",
              "parentUUID": "a46a2866-9e86-4895-9441-0395756dd431",
              "isHook": false,
              "skipped": false
            },
            {
              "title": "deve criar atendimento valido",
              "fullTitle": "FisioFlow API deve criar atendimento valido",
              "timedOut": null,
              "duration": 44,
              "state": "passed",
              "speed": "fast",
              "pass": true,
              "fail": false,
              "pending": false,
              "context": null,
              "code": "cy.request('POST', '/appointments', {\n  patientId,\n  date: '2026-04-22',\n  startTime: start1,\n  duration: 60\n}).then(response => {\n  expect(response.status).to.equal(201);\n  expect(response.body.startTime).to.equal(start1);\n});",
              "err": {},
              "uuid": "a625c019-664a-4945-9e73-5135e3120955",
              "parentUUID": "a46a2866-9e86-4895-9441-0395756dd431",
              "isHook": false,
              "skipped": false
            },
            {
              "title": "deve retornar 400 ao criar atendimento com conflito",
              "fullTitle": "FisioFlow API deve retornar 400 ao criar atendimento com conflito",
              "timedOut": null,
              "duration": 302,
              "state": "failed",
              "speed": null,
              "pass": false,
              "fail": true,
              "pending": false,
              "context": null,
              "code": "cy.request({\n  method: 'POST',\n  url: '/appointments',\n  failOnStatusCode: false,\n  body: {\n    patientId,\n    date: '2026-04-22',\n    startTime: startConflict,\n    duration: 60\n  }\n}).then(response => {\n  expect(response.status).to.equal(400);\n  expect(response.body.message).to.equal('Conflito de horario detectado');\n});",
              "err": {
                "message": "AssertionError: expected 201 to equal 400",
                "estack": "AssertionError: expected 201 to equal 400\n    at Context.eval (webpack://fisioflow/./cypress/e2e/fisioflow.cy.js:112:33)\n    at getRet (http://localhost:3000/__cypress/runner/cypress_runner.js:121066:20)\n    at tryCatcher (http://localhost:3000/__cypress/runner/cypress_runner.js:1777:23)\n    at Promise.attempt.Promise.try (http://localhost:3000/__cypress/runner/cypress_runner.js:4285:29)\n    at Context.thenFn (http://localhost:3000/__cypress/runner/cypress_runner.js:121077:66)\n    at Context.then (http://localhost:3000/__cypress/runner/cypress_runner.js:121328:21)",
                "diff": "- 201\n+ 400\n"
              },
              "uuid": "eda0b7f1-b00b-4b14-a864-091be86f94c5",
              "parentUUID": "a46a2866-9e86-4895-9441-0395756dd431",
              "isHook": false,
              "skipped": false
            },
            {
              "title": "deve criar atendimento em horario livre",
              "fullTitle": "FisioFlow API deve criar atendimento em horario livre",
              "timedOut": null,
              "duration": 37,
              "state": "passed",
              "speed": "fast",
              "pass": true,
              "fail": false,
              "pending": false,
              "context": null,
              "code": "cy.request('POST', '/appointments', {\n  patientId,\n  date: '2026-04-22',\n  startTime: startFree,\n  duration: 30\n}).then(response => {\n  expect(response.status).to.equal(201);\n  expect(response.body.startTime).to.equal(startFree);\n});",
              "err": {},
              "uuid": "166bb581-8c43-45d5-a704-196de337343a",
              "parentUUID": "a46a2866-9e86-4895-9441-0395756dd431",
              "isHook": false,
              "skipped": false
            },
            {
              "title": "deve remover paciente com sucesso",
              "fullTitle": "FisioFlow API deve remover paciente com sucesso",
              "timedOut": null,
              "duration": 35,
              "state": "passed",
              "speed": "fast",
              "pass": true,
              "fail": false,
              "pending": false,
              "context": null,
              "code": "cy.request('DELETE', `/patients/${patientId}`).then(response => {\n  expect(response.status).to.equal(200);\n  expect(response.body.message).to.equal('Paciente removido com sucesso');\n  expect(response.body.id).to.equal(patientId);\n});",
              "err": {},
              "uuid": "4bf237b3-031e-400a-9f78-49362830c148",
              "parentUUID": "a46a2866-9e86-4895-9441-0395756dd431",
              "isHook": false,
              "skipped": false
            },
            {
              "title": "deve retornar erro ao remover paciente inexistente",
              "fullTitle": "FisioFlow API deve retornar erro ao remover paciente inexistente",
              "timedOut": null,
              "duration": 32,
              "state": "passed",
              "speed": "fast",
              "pass": true,
              "fail": false,
              "pending": false,
              "context": null,
              "code": "cy.request({\n  method: 'DELETE',\n  url: '/patients/999999',\n  failOnStatusCode: false\n}).then(response => {\n  expect(response.status).to.equal(404);\n});",
              "err": {},
              "uuid": "d6f145ee-dd25-4e20-9bc9-d3b13f8783be",
              "parentUUID": "a46a2866-9e86-4895-9441-0395756dd431",
              "isHook": false,
              "skipped": false
            }
          ],
          "suites": [],
          "passes": [
            "6800716a-a66b-4764-8f45-62a2498f3d63",
            "178328db-9091-4514-aa0b-b1bb7d058f51",
            "9572f55a-f641-40d7-960c-07981f650d61",
            "c47d46b2-b140-42e0-9e1f-26d8be7f7385",
            "a625c019-664a-4945-9e73-5135e3120955",
            "166bb581-8c43-45d5-a704-196de337343a",
            "4bf237b3-031e-400a-9f78-49362830c148",
            "d6f145ee-dd25-4e20-9bc9-d3b13f8783be"
          ],
          "failures": [
            "eda0b7f1-b00b-4b14-a864-091be86f94c5"
          ],
          "pending": [],
          "skipped": [],
          "duration": 687,
          "root": false,
          "rootEmpty": false,
          "_timeout": 2000
        }
      ],
      "passes": [],
      "failures": [],
      "pending": [],
      "skipped": [],
      "duration": 0,
      "root": true,
      "rootEmpty": true,
      "_timeout": 2000
    }
  ],
  "meta": {
    "mocha": {
      "version": "7.2.0"
    },
    "mochawesome": {
      "options": {
        "quiet": false,
        "reportFilename": "mochawesome",
        "saveHtml": true,
        "saveJson": true,
        "consoleReporter": "spec",
        "useInlineDiffs": false,
        "code": true
      },
      "version": "7.1.4"
    },
    "marge": {
      "options": {
        "reportDir": "cypress/reports",
        "overwrite": true,
        "html": true,
        "json": true
      },
      "version": "6.3.2"
    }
  }
}