{
  "stats": {
    "suites": 1,
    "tests": 17,
    "passes": 17,
    "pending": 0,
    "failures": 0,
    "testsRegistered": 17,
    "passPercent": 100,
    "pendingPercent": 0,
    "other": 0,
    "hasOther": false,
    "skipped": 0,
    "hasSkipped": false,
    "start": "2026-05-03T18:34:50.718Z",
    "end": "2026-05-03T18:34:52.666Z",
    "duration": 1948
  },
  "results": [
    {
      "uuid": "c88acd31-6354-4ae6-b6c2-0d82a1b1b314",
      "title": "",
      "fullFile": "cypress\\e2e\\fisioflow.cy.js",
      "file": "cypress\\e2e\\fisioflow.cy.js",
      "beforeHooks": [],
      "afterHooks": [],
      "tests": [],
      "suites": [
        {
          "uuid": "b548ae9d-d02c-43fd-a353-1d1f69d16c82",
          "title": "FisioFlow API - Testes Automatizados Críticos",
          "fullFile": "",
          "file": "",
          "beforeHooks": [],
          "afterHooks": [],
          "tests": [],
          "suites": [
            {
              "uuid": "0fad3535-b180-41cb-8347-fafe39678cda",
              "title": "Pacientes",
              "fullFile": "",
              "file": "",
              "beforeHooks": [],
              "afterHooks": [],
              "tests": [
                {
                  "title": "deve criar paciente com sucesso",
                  "fullTitle": "FisioFlow API - Testes Automatizados Críticos Pacientes deve criar paciente com sucesso",
                  "timedOut": null,
                  "duration": 156,
                  "state": "passed",
                  "speed": "fast",
                  "pass": true,
                  "fail": false,
                  "pending": false,
                  "context": null,
                  "code": "cy.request('POST', '/patients', {\n  name: 'Maria Souza',\n  phone: '(85) 99999-0000',\n  age: 35,\n  diagnosis: 'Dor muscular'\n}).then(res => {\n  expect(res.status).to.eq(201);\n});",
                  "err": {},
                  "uuid": "37564d01-9f0c-424d-823f-ba80be023719",
                  "parentUUID": "0fad3535-b180-41cb-8347-fafe39678cda",
                  "isHook": false,
                  "skipped": false
                },
                {
                  "title": "deve falhar ao criar paciente sem nome",
                  "fullTitle": "FisioFlow API - Testes Automatizados Críticos Pacientes deve falhar ao criar paciente sem nome",
                  "timedOut": null,
                  "duration": 61,
                  "state": "passed",
                  "speed": "fast",
                  "pass": true,
                  "fail": false,
                  "pending": false,
                  "context": null,
                  "code": "cy.request({\n  method: 'POST',\n  url: '/patients',\n  failOnStatusCode: false,\n  body: {\n    age: 20\n  }\n}).then(res => {\n  expect(res.status).to.eq(400);\n});",
                  "err": {},
                  "uuid": "8f53723f-f4f8-4068-9239-950faa4e1018",
                  "parentUUID": "0fad3535-b180-41cb-8347-fafe39678cda",
                  "isHook": false,
                  "skipped": false
                },
                {
                  "title": "deve listar pacientes",
                  "fullTitle": "FisioFlow API - Testes Automatizados Críticos Pacientes deve listar pacientes",
                  "timedOut": null,
                  "duration": 62,
                  "state": "passed",
                  "speed": "fast",
                  "pass": true,
                  "fail": false,
                  "pending": false,
                  "context": null,
                  "code": "cy.request('GET', '/patients').then(res => {\n  expect(res.status).to.eq(200);\n  expect(res.body).to.be.an('array');\n});",
                  "err": {},
                  "uuid": "5f283b94-a217-4d87-aa14-a110de659077",
                  "parentUUID": "0fad3535-b180-41cb-8347-fafe39678cda",
                  "isHook": false,
                  "skipped": false
                },
                {
                  "title": "deve atualizar paciente",
                  "fullTitle": "FisioFlow API - Testes Automatizados Críticos Pacientes deve atualizar paciente",
                  "timedOut": null,
                  "duration": 52,
                  "state": "passed",
                  "speed": "fast",
                  "pass": true,
                  "fail": false,
                  "pending": false,
                  "context": null,
                  "code": "cy.request('PATCH', `/patients/${patientId}`, {\n  name: 'Nome Atualizado'\n}).then(res => {\n  expect(res.status).to.eq(200);\n});",
                  "err": {},
                  "uuid": "9fb34a83-23a5-40e1-8977-626c5cef6d10",
                  "parentUUID": "0fad3535-b180-41cb-8347-fafe39678cda",
                  "isHook": false,
                  "skipped": false
                },
                {
                  "title": "deve deletar paciente",
                  "fullTitle": "FisioFlow API - Testes Automatizados Críticos Pacientes deve deletar paciente",
                  "timedOut": null,
                  "duration": 50,
                  "state": "passed",
                  "speed": "fast",
                  "pass": true,
                  "fail": false,
                  "pending": false,
                  "context": null,
                  "code": "cy.request('DELETE', `/patients/${patientId}`).then(res => {\n  expect(res.status).to.eq(200);\n});",
                  "err": {},
                  "uuid": "067cd925-6365-4fbb-a3d1-a3526a03a991",
                  "parentUUID": "0fad3535-b180-41cb-8347-fafe39678cda",
                  "isHook": false,
                  "skipped": false
                }
              ],
              "suites": [],
              "passes": [
                "37564d01-9f0c-424d-823f-ba80be023719",
                "8f53723f-f4f8-4068-9239-950faa4e1018",
                "5f283b94-a217-4d87-aa14-a110de659077",
                "9fb34a83-23a5-40e1-8977-626c5cef6d10",
                "067cd925-6365-4fbb-a3d1-a3526a03a991"
              ],
              "failures": [],
              "pending": [],
              "skipped": [],
              "duration": 381,
              "root": false,
              "rootEmpty": false,
              "_timeout": 2000
            },
            {
              "uuid": "726e8b6c-a8f2-46ad-8580-46f785bd34e7",
              "title": "Agendamentos",
              "fullFile": "",
              "file": "",
              "beforeHooks": [],
              "afterHooks": [],
              "tests": [
                {
                  "title": "deve criar agendamento com sucesso",
                  "fullTitle": "FisioFlow API - Testes Automatizados Críticos Agendamentos deve criar agendamento com sucesso",
                  "timedOut": null,
                  "duration": 50,
                  "state": "passed",
                  "speed": "fast",
                  "pass": true,
                  "fail": false,
                  "pending": false,
                  "context": null,
                  "code": "cy.request('POST', '/appointments', {\n  patientId,\n  date: getFutureDate(1),\n  startTime: '08:00',\n  duration: 60\n}).then(res => {\n  expect(res.status).to.eq(201);\n});",
                  "err": {},
                  "uuid": "b3f77893-7a4f-48a6-a03e-d73a09e52280",
                  "parentUUID": "726e8b6c-a8f2-46ad-8580-46f785bd34e7",
                  "isHook": false,
                  "skipped": false
                },
                {
                  "title": "deve falhar ao criar agendamento com campos obrigatórios ausentes",
                  "fullTitle": "FisioFlow API - Testes Automatizados Críticos Agendamentos deve falhar ao criar agendamento com campos obrigatórios ausentes",
                  "timedOut": null,
                  "duration": 45,
                  "state": "passed",
                  "speed": "fast",
                  "pass": true,
                  "fail": false,
                  "pending": false,
                  "context": null,
                  "code": "cy.request({\n  method: 'POST',\n  url: '/appointments',\n  failOnStatusCode: false,\n  body: {}\n}).then(res => {\n  expect(res.status).to.eq(400);\n});",
                  "err": {},
                  "uuid": "e70f49d1-87af-4c1d-92bb-50754f0b9095",
                  "parentUUID": "726e8b6c-a8f2-46ad-8580-46f785bd34e7",
                  "isHook": false,
                  "skipped": false
                },
                {
                  "title": "deve detectar conflito de horário",
                  "fullTitle": "FisioFlow API - Testes Automatizados Críticos Agendamentos deve detectar conflito de horário",
                  "timedOut": null,
                  "duration": 70,
                  "state": "passed",
                  "speed": "fast",
                  "pass": true,
                  "fail": false,
                  "pending": false,
                  "context": null,
                  "code": "const date = getFutureDate(2);\ncy.request('POST', '/appointments', {\n  patientId,\n  date,\n  startTime: '08:00',\n  duration: 60\n}).then(() => {\n  cy.request({\n    method: 'POST',\n    url: '/appointments',\n    failOnStatusCode: false,\n    body: {\n      patientId,\n      date,\n      startTime: '08:30',\n      duration: 60\n    }\n  }).then(res => {\n    expect(res.status).to.eq(409);\n    expect(res.body.message).to.eq('Schedule conflict detected');\n  });\n});",
                  "err": {},
                  "uuid": "9420a06f-6911-432e-b887-5721593fd7b5",
                  "parentUUID": "726e8b6c-a8f2-46ad-8580-46f785bd34e7",
                  "isHook": false,
                  "skipped": false
                },
                {
                  "title": "deve permitir agendamento sem conflito",
                  "fullTitle": "FisioFlow API - Testes Automatizados Críticos Agendamentos deve permitir agendamento sem conflito",
                  "timedOut": null,
                  "duration": 52,
                  "state": "passed",
                  "speed": "fast",
                  "pass": true,
                  "fail": false,
                  "pending": false,
                  "context": null,
                  "code": "cy.request('POST', '/appointments', {\n  patientId,\n  date: getFutureDate(3),\n  startTime: '10:00',\n  duration: 30\n}).then(res => {\n  expect(res.status).to.eq(201);\n});",
                  "err": {},
                  "uuid": "d89978a3-954f-4298-a7bf-661ea9bb4318",
                  "parentUUID": "726e8b6c-a8f2-46ad-8580-46f785bd34e7",
                  "isHook": false,
                  "skipped": false
                },
                {
                  "title": "deve listar agendamentos por dia",
                  "fullTitle": "FisioFlow API - Testes Automatizados Críticos Agendamentos deve listar agendamentos por dia",
                  "timedOut": null,
                  "duration": 48,
                  "state": "passed",
                  "speed": "fast",
                  "pass": true,
                  "fail": false,
                  "pending": false,
                  "context": null,
                  "code": "cy.request('GET', `/appointments/day/${getFutureDate(1)}`).then(res => {\n  expect(res.status).to.eq(200);\n  expect(res.body).to.be.an('array');\n});",
                  "err": {},
                  "uuid": "9a4652b5-21e5-4d20-b6ee-eaca03cc9baa",
                  "parentUUID": "726e8b6c-a8f2-46ad-8580-46f785bd34e7",
                  "isHook": false,
                  "skipped": false
                },
                {
                  "title": "CT21 - deve atualizar agendamento com sucesso",
                  "fullTitle": "FisioFlow API - Testes Automatizados Críticos Agendamentos CT21 - deve atualizar agendamento com sucesso",
                  "timedOut": null,
                  "duration": 63,
                  "state": "passed",
                  "speed": "fast",
                  "pass": true,
                  "fail": false,
                  "pending": false,
                  "context": null,
                  "code": "cy.request('POST', '/appointments', {\n  patientId,\n  date: getFutureDate(4),\n  startTime: '09:00',\n  duration: 45\n}).then(res => {\n  appointmentId = res.body.id;\n  cy.request('PATCH', `/appointments/${appointmentId}`, {\n    duration: 30\n  }).then(res => {\n    expect(res.status).to.eq(200);\n    expect(res.body.duration).to.eq(30);\n  });\n});",
                  "err": {},
                  "uuid": "9be6139f-b777-4458-b28a-69dd96b487a2",
                  "parentUUID": "726e8b6c-a8f2-46ad-8580-46f785bd34e7",
                  "isHook": false,
                  "skipped": false
                },
                {
                  "title": "CT22 - deve falhar ao atualizar agendamento inexistente",
                  "fullTitle": "FisioFlow API - Testes Automatizados Críticos Agendamentos CT22 - deve falhar ao atualizar agendamento inexistente",
                  "timedOut": null,
                  "duration": 128,
                  "state": "passed",
                  "speed": "fast",
                  "pass": true,
                  "fail": false,
                  "pending": false,
                  "context": null,
                  "code": "cy.request({\n  method: 'PATCH',\n  url: '/appointments/999',\n  failOnStatusCode: false,\n  body: {\n    duration: 30\n  }\n}).then(res => {\n  expect(res.status).to.eq(404);\n  expect(res.body.message).to.eq('Appointment not found');\n});",
                  "err": {},
                  "uuid": "00fafc05-949d-4d11-b29d-28911c5d56e6",
                  "parentUUID": "726e8b6c-a8f2-46ad-8580-46f785bd34e7",
                  "isHook": false,
                  "skipped": false
                },
                {
                  "title": "CT23 - deve falhar ao atualizar agendamento gerando conflito de horário",
                  "fullTitle": "FisioFlow API - Testes Automatizados Críticos Agendamentos CT23 - deve falhar ao atualizar agendamento gerando conflito de horário",
                  "timedOut": null,
                  "duration": 102,
                  "state": "passed",
                  "speed": "fast",
                  "pass": true,
                  "fail": false,
                  "pending": false,
                  "context": null,
                  "code": "const date = getFutureDate(5);\ncy.request('POST', '/appointments', {\n  patientId,\n  date,\n  startTime: '08:00',\n  duration: 60\n}).then(() => {\n  cy.request('POST', '/appointments', {\n    patientId,\n    date,\n    startTime: '10:00',\n    duration: 60\n  }).then(res => {\n    appointmentId = res.body.id;\n    cy.request({\n      method: 'PATCH',\n      url: `/appointments/${appointmentId}`,\n      failOnStatusCode: false,\n      body: {\n        startTime: '08:30'\n      }\n    }).then(res => {\n      expect(res.status).to.eq(409);\n      expect(res.body.message).to.eq('Schedule conflict detected');\n    });\n  });\n});",
                  "err": {},
                  "uuid": "81577e1d-b681-4714-8b49-33cfb24dc9f7",
                  "parentUUID": "726e8b6c-a8f2-46ad-8580-46f785bd34e7",
                  "isHook": false,
                  "skipped": false
                },
                {
                  "title": "CT24 - deve excluir agendamento com sucesso",
                  "fullTitle": "FisioFlow API - Testes Automatizados Críticos Agendamentos CT24 - deve excluir agendamento com sucesso",
                  "timedOut": null,
                  "duration": 91,
                  "state": "passed",
                  "speed": "fast",
                  "pass": true,
                  "fail": false,
                  "pending": false,
                  "context": null,
                  "code": "cy.request('POST', '/appointments', {\n  patientId,\n  date: getFutureDate(6),\n  startTime: '11:00',\n  duration: 30\n}).then(res => {\n  appointmentId = res.body.id;\n  cy.request('DELETE', `/appointments/${appointmentId}`).then(res => {\n    expect(res.status).to.eq(200);\n    expect(res.body.message).to.eq('Appointment deleted successfully');\n  });\n});",
                  "err": {},
                  "uuid": "4ac18822-64f5-4069-bb78-30700af169d7",
                  "parentUUID": "726e8b6c-a8f2-46ad-8580-46f785bd34e7",
                  "isHook": false,
                  "skipped": false
                },
                {
                  "title": "CT25 - deve falhar ao excluir agendamento inexistente",
                  "fullTitle": "FisioFlow API - Testes Automatizados Críticos Agendamentos CT25 - deve falhar ao excluir agendamento inexistente",
                  "timedOut": null,
                  "duration": 198,
                  "state": "passed",
                  "speed": "fast",
                  "pass": true,
                  "fail": false,
                  "pending": false,
                  "context": null,
                  "code": "cy.request({\n  method: 'DELETE',\n  url: '/appointments/999',\n  failOnStatusCode: false\n}).then(res => {\n  expect(res.status).to.eq(404);\n  expect(res.body.message).to.eq('Appointment not found');\n});",
                  "err": {},
                  "uuid": "e12fc566-04b9-4c06-8c32-42cfde8a36e1",
                  "parentUUID": "726e8b6c-a8f2-46ad-8580-46f785bd34e7",
                  "isHook": false,
                  "skipped": false
                }
              ],
              "suites": [],
              "passes": [
                "b3f77893-7a4f-48a6-a03e-d73a09e52280",
                "e70f49d1-87af-4c1d-92bb-50754f0b9095",
                "9420a06f-6911-432e-b887-5721593fd7b5",
                "d89978a3-954f-4298-a7bf-661ea9bb4318",
                "9a4652b5-21e5-4d20-b6ee-eaca03cc9baa",
                "9be6139f-b777-4458-b28a-69dd96b487a2",
                "00fafc05-949d-4d11-b29d-28911c5d56e6",
                "81577e1d-b681-4714-8b49-33cfb24dc9f7",
                "4ac18822-64f5-4069-bb78-30700af169d7",
                "e12fc566-04b9-4c06-8c32-42cfde8a36e1"
              ],
              "failures": [],
              "pending": [],
              "skipped": [],
              "duration": 847,
              "root": false,
              "rootEmpty": false,
              "_timeout": 2000
            },
            {
              "uuid": "412d9cfa-be2e-4fd6-b717-fcbc855d636c",
              "title": "Validações críticas",
              "fullFile": "",
              "file": "",
              "beforeHooks": [],
              "afterHooks": [],
              "tests": [
                {
                  "title": "deve falhar com duração zero",
                  "fullTitle": "FisioFlow API - Testes Automatizados Críticos Validações críticas deve falhar com duração zero",
                  "timedOut": null,
                  "duration": 58,
                  "state": "passed",
                  "speed": "fast",
                  "pass": true,
                  "fail": false,
                  "pending": false,
                  "context": null,
                  "code": "cy.request({\n  method: 'POST',\n  url: '/appointments',\n  failOnStatusCode: false,\n  body: {\n    patientId,\n    date: getFutureDate(1),\n    startTime: '08:00',\n    duration: 0\n  }\n}).then(res => {\n  expect(res.status).to.eq(400);\n});",
                  "err": {},
                  "uuid": "2121f20d-c422-45aa-ae31-0ae0b6caa166",
                  "parentUUID": "412d9cfa-be2e-4fd6-b717-fcbc855d636c",
                  "isHook": false,
                  "skipped": false
                },
                {
                  "title": "deve bloquear agendamento em data passada",
                  "fullTitle": "FisioFlow API - Testes Automatizados Críticos Validações críticas deve bloquear agendamento em data passada",
                  "timedOut": null,
                  "duration": 351,
                  "state": "passed",
                  "speed": "fast",
                  "pass": true,
                  "fail": false,
                  "pending": false,
                  "context": null,
                  "code": "cy.request({\n  method: 'POST',\n  url: '/appointments',\n  failOnStatusCode: false,\n  body: {\n    patientId,\n    date: '2020-04-10',\n    startTime: '08:00',\n    duration: 60\n  }\n}).then(res => {\n  expect(res.status).to.eq(400);\n  expect(res.body.message).to.eq('Past dates are not allowed');\n});",
                  "err": {},
                  "uuid": "0da03c5e-f069-4fb3-9fe7-71e0c1fe1ecf",
                  "parentUUID": "412d9cfa-be2e-4fd6-b717-fcbc855d636c",
                  "isHook": false,
                  "skipped": false
                }
              ],
              "suites": [],
              "passes": [
                "2121f20d-c422-45aa-ae31-0ae0b6caa166",
                "0da03c5e-f069-4fb3-9fe7-71e0c1fe1ecf"
              ],
              "failures": [],
              "pending": [],
              "skipped": [],
              "duration": 409,
              "root": false,
              "rootEmpty": false,
              "_timeout": 2000
            }
          ],
          "passes": [],
          "failures": [],
          "pending": [],
          "skipped": [],
          "duration": 0,
          "root": false,
          "rootEmpty": false,
          "_timeout": 2000
        }
      ],
      "passes": [],
      "failures": [],
      "pending": [],
      "skipped": [],
      "duration": 0,
      "root": true,
      "rootEmpty": true,
      "_timeout": 2000
    }
  ],
  "meta": {
    "mocha": {
      "version": "7.2.0"
    },
    "mochawesome": {
      "options": {
        "quiet": false,
        "reportFilename": "mochawesome",
        "saveHtml": true,
        "saveJson": true,
        "consoleReporter": "spec",
        "useInlineDiffs": false,
        "code": true
      },
      "version": "7.1.4"
    },
    "marge": {
      "options": {
        "reportDir": "cypress/reports",
        "overwrite": false,
        "html": true,
        "json": true
      },
      "version": "6.3.2"
    }
  }
}